<html>
<head>
<title>TestNG:  AutomationSampleTest</title>
<link href="../testng.css" rel="stylesheet" type="text/css" />
<link href="../my-testng.css" rel="stylesheet" type="text/css" />

<style type="text/css">
.log { display: none;} 
.stack-trace { display: none;} 
</style>
<script type="text/javascript">
<!--
function flip(e) {
  current = e.style.display;
  if (current == 'block') {
    e.style.display = 'none';
    return 0;
  }
  else {
    e.style.display = 'block';
    return 1;
  }
}

function toggleBox(szDivId, elem, msg1, msg2)
{
  var res = -1;  if (document.getElementById) {
    res = flip(document.getElementById(szDivId));
  }
  else if (document.all) {
    // this is the way old msie versions work
    res = flip(document.all[szDivId]);
  }
  if(elem) {
    if(res == 0) elem.innerHTML = msg1; else elem.innerHTML = msg2;
  }

}

function toggleAllBoxes() {
  if (document.getElementsByTagName) {
    d = document.getElementsByTagName('div');
    for (i = 0; i < d.length; i++) {
      if (d[i].className == 'log') {
        flip(d[i]);
      }
    }
  }
}

// -->
</script>

</head>
<body>
<h2 align='center'>AutomationSampleTest</h2><table border='1' align="center">
<tr>
<td>Tests passed/Failed/Skipped:</td><td>9/1/0</td>
</tr><tr>
<td>Started on:</td><td>Fri Feb 23 11:52:05 AEDT 2018</td>
</tr>
<tr><td>Total time:</td><td>280 seconds (280077 ms)</td>
</tr><tr>
<td>Included groups:</td><td></td>
</tr><tr>
<td>Excluded groups:</td><td></td>
</tr>
</table><p/>
<small><i>(Hover the method name to see the test class name)</i></small><p/>
<table width='100%' border='1' class='invocation-failed'>
<tr><td colspan='4' align='center'><b>FAILED TESTS</b></td></tr>
<tr><td><b>Test method</b></td>
<td width="30%"><b>Exception</b></td>
<td width="10%"><b>Time (seconds)</b></td>
<td><b>Instance</b></td>
</tr>
<tr>
<td title='com.sample.testcases.SignUpPageTest.registerFacebook()'><b>registerFacebook</b><br>Test class: com.sample.testcases.SignUpPageTest<br>Parameters: Ram, , test1@gmail.com, test1@gmail.com, test@123, Male, What's your name? Making it fail purposely</td>
<td><div><pre>java.lang.AssertionError: The following asserts failed:
	Mandatory Message doesn&apos;t match expected [What&apos;s your name? Making it fail purposely] but found [What&apos;s your name?]
	at com.sample.pages.SignUpPage.signUpFieldValidation(SignUpPage.java:96)
	at com.sample.testcases.SignUpPageTest.registerFacebook(SignUpPageTest.java:59)
... Removed 26 stack frames</pre></div><a href='#' onClick='toggleBox("stack-trace1756819670", this, "Click to show all stack frames", "Click to hide stack frames")'>Click to show all stack frames</a>
<div class='stack-trace' id='stack-trace1756819670'><pre>java.lang.AssertionError: The following asserts failed:
	Mandatory Message doesn&apos;t match expected [What&apos;s your name? Making it fail purposely] but found [What&apos;s your name?]
	at org.testng.asserts.SoftAssert.assertAll(SoftAssert.java:43)
	at com.sample.pages.SignUpPage.signUpFieldValidation(SignUpPage.java:96)
	at com.sample.testcases.SignUpPageTest.registerFacebook(SignUpPageTest.java:59)
	at sun.reflect.NativeMethodAccessorImpl.invoke0(Native Method)
	at sun.reflect.NativeMethodAccessorImpl.invoke(Unknown Source)
	at sun.reflect.DelegatingMethodAccessorImpl.invoke(Unknown Source)
	at java.lang.reflect.Method.invoke(Unknown Source)
	at org.testng.internal.MethodInvocationHelper.invokeMethod(MethodInvocationHelper.java:108)
	at org.testng.internal.Invoker.invokeMethod(Invoker.java:661)
	at org.testng.internal.Invoker.invokeTestMethod(Invoker.java:869)
	at org.testng.internal.Invoker.invokeTestMethods(Invoker.java:1193)
	at org.testng.internal.TestMethodWorker.invokeTestMethods(TestMethodWorker.java:126)
	at org.testng.internal.TestMethodWorker.run(TestMethodWorker.java:109)
	at org.testng.TestRunner.privateRun(TestRunner.java:744)
	at org.testng.TestRunner.run(TestRunner.java:602)
	at org.testng.SuiteRunner.runTest(SuiteRunner.java:380)
	at org.testng.SuiteRunner.runSequentially(SuiteRunner.java:375)
	at org.testng.SuiteRunner.privateRun(SuiteRunner.java:340)
	at org.testng.SuiteRunner.run(SuiteRunner.java:289)
	at org.testng.SuiteRunnerWorker.runSuite(SuiteRunnerWorker.java:52)
	at org.testng.SuiteRunnerWorker.run(SuiteRunnerWorker.java:86)
	at org.testng.TestNG.runSuitesSequentially(TestNG.java:1301)
	at org.testng.TestNG.runSuitesLocally(TestNG.java:1226)
	at org.testng.TestNG.runSuites(TestNG.java:1144)
	at org.testng.TestNG.run(TestNG.java:1115)
	at org.testng.remote.AbstractRemoteTestNG.run(AbstractRemoteTestNG.java:132)
	at org.testng.remote.RemoteTestNG.initAndRun(RemoteTestNG.java:230)
	at org.testng.remote.RemoteTestNG.main(RemoteTestNG.java:76)
</pre></div></td>
<td>1</td>
<td>com.sample.testcases.SignUpPageTest@6c3708b3</td></tr>
</table><p>
<table width='100%' border='1' class='invocation-passed'>
<tr><td colspan='4' align='center'><b>PASSED TESTS</b></td></tr>
<tr><td><b>Test method</b></td>
<td width="30%"><b>Exception</b></td>
<td width="10%"><b>Time (seconds)</b></td>
<td><b>Instance</b></td>
</tr>
<tr>
<td title='com.sample.testcases.LoginPageTest.LoginFacebook()'><b>LoginFacebook</b><br>Test class: com.sample.testcases.LoginPageTest</td>
<td></td>
<td>21</td>
<td>com.sample.testcases.LoginPageTest@3e9b1010</td></tr>
<tr>
<td title='com.sample.testcases.LoginPageTest.LoginPageTitleTest()'><b>LoginPageTitleTest</b><br>Test class: com.sample.testcases.LoginPageTest</td>
<td></td>
<td>0</td>
<td>com.sample.testcases.LoginPageTest@3e9b1010</td></tr>
<tr>
<td title='com.sample.testcases.SignUpPageTest.SignUpPageTitleTest()'><b>SignUpPageTitleTest</b><br>Test class: com.sample.testcases.SignUpPageTest</td>
<td></td>
<td>0</td>
<td>com.sample.testcases.SignUpPageTest@6c3708b3</td></tr>
<tr>
<td title='com.sample.testcases.LoginPageTest.VerifyFacebookLogo()'><b>VerifyFacebookLogo</b><br>Test class: com.sample.testcases.LoginPageTest</td>
<td></td>
<td>0</td>
<td>com.sample.testcases.LoginPageTest@3e9b1010</td></tr>
<tr>
<td title='com.sample.testcases.SignUpPageTest.registerFacebook()'><b>registerFacebook</b><br>Test class: com.sample.testcases.SignUpPageTest<br>Parameters: , Raj, test1@gmail.com, test1@gmail.com, test@123, Male, What's your name?</td>
<td></td>
<td>21</td>
<td>com.sample.testcases.SignUpPageTest@6c3708b3</td></tr>
<tr>
<td title='com.sample.testcases.SignUpPageTest.registerFacebook()'><b>registerFacebook</b><br>Test class: com.sample.testcases.SignUpPageTest<br>Parameters: Santhi, Sagayam, , test1@gmail.com, test@123, Female, You'll use this when you log in and if you ever need to reset your password.</td>
<td></td>
<td>1</td>
<td>com.sample.testcases.SignUpPageTest@6c3708b3</td></tr>
<tr>
<td title='com.sample.testcases.SignUpPageTest.registerFacebook()'><b>registerFacebook</b><br>Test class: com.sample.testcases.SignUpPageTest<br>Parameters: Meena, Kumar, test1@gmail.com, test2, test@123, Female, Please enter a valid email address.</td>
<td></td>
<td>1</td>
<td>com.sample.testcases.SignUpPageTest@6c3708b3</td></tr>
<tr>
<td title='com.sample.testcases.SignUpPageTest.registerFacebook()'><b>registerFacebook</b><br>Test class: com.sample.testcases.SignUpPageTest<br>Parameters: Tom, Karen, test1@gmail.com, test1@gmail.com, , Male, Enter a combination of at least six numbers, letters and punctuation marks (like ! and &).</td>
<td></td>
<td>1</td>
<td>com.sample.testcases.SignUpPageTest@6c3708b3</td></tr>
<tr>
<td title='com.sample.testcases.SignUpPageTest.registerFacebook()'><b>registerFacebook</b><br>Test class: com.sample.testcases.SignUpPageTest<br>Parameters: Russel, Terry, test1@gmail.com, test1@gmail.com, test@123, , Please choose a gender. You can change who can see this later.</td>
<td></td>
<td>1</td>
<td>com.sample.testcases.SignUpPageTest@6c3708b3</td></tr>
</table><p>
</body>
</html>