<?xml version="1.0" encoding="UTF-8"?>
<!-- Generated by org.testng.reporters.JUnitXMLReporter -->
<testsuite hostname="DESKTOP-RC7254A" ignored="0" name="AutomationSampleTest" tests="10" failures="1" timestamp="23 Feb 2018 00:56:45 GMT" time="280.077" errors="0">
  <testcase name="LoginPageTitleTest" time="0.036" classname="com.sample.testcases.LoginPageTest"/>
  <testcase name="SignUpPageTitleTest" time="0.016" classname="com.sample.testcases.SignUpPageTest"/>
  <testcase name="VerifyFacebookLogo" time="0.067" classname="com.sample.testcases.LoginPageTest"/>
  <testcase name="registerFacebook" time="21.274" classname="com.sample.testcases.SignUpPageTest"/>
  <testcase name="registerFacebook" time="1.59" classname="com.sample.testcases.SignUpPageTest">
    <failure type="java.lang.AssertionError" message="The following asserts failed:
	Mandatory Message doesn&amp;apos;t match expected [What&amp;apos;s your name? Making it fail purposely] but found [What&amp;apos;s your name?]">
      <![CDATA[java.lang.AssertionError: The following asserts failed:
	Mandatory Message doesn't match expected [What's your name? Making it fail purposely] but found [What's your name?]
	at com.sample.pages.SignUpPage.signUpFieldValidation(SignUpPage.java:96)
	at com.sample.testcases.SignUpPageTest.registerFacebook(SignUpPageTest.java:59)
... Removed 26 stack frames]]>
    </failure>
  </testcase> <!-- registerFacebook -->
  <testcase name="registerFacebook" time="1.107" classname="com.sample.testcases.SignUpPageTest"/>
  <testcase name="registerFacebook" time="1.595" classname="com.sample.testcases.SignUpPageTest"/>
  <testcase name="registerFacebook" time="1.177" classname="com.sample.testcases.SignUpPageTest"/>
  <testcase name="registerFacebook" time="1.5" classname="com.sample.testcases.SignUpPageTest"/>
  <testcase name="LoginFacebook" time="21.346" classname="com.sample.testcases.LoginPageTest"/>
</testsuite> <!-- AutomationSampleTest -->
